<?xml version="1.0" encoding="UTF-8"?>
<!-- Generated by org.testng.reporters.JUnitReportReporter -->
<testsuite hostname="RamaKrishnaDasari" failures="0" tests="1" name="PracticeCucumber.Testsuite" time="0.011" errors="0" timestamp="2025-08-04T17:54:40 IST" skipped="0">
  <testcase classname="PracticeCucumber.Testsuite" name="f" time="0.011"/>
  <system-out/>
</testsuite> <!-- PracticeCucumber.Testsuite -->
