<?xml version="1.0" encoding="UTF-8"?>
<!-- Generated by org.testng.reporters.JUnitReportReporter -->
<testsuite hostname="RamaKrishnaDasari" failures="0" tests="4" name="PracticeCucumber.Depends" time="12.532" errors="0" timestamp="2025-05-08T16:24:10 IST" skipped="0">
  <testcase classname="PracticeCucumber.Depends" name="openApp" time="3.514"/>
  <system-out/>
  <testcase classname="PracticeCucumber.Depends" name="login" time="0.512"/>
  <system-out/>
  <testcase classname="PracticeCucumber.Depends" name="priceDetails" time="6.294"/>
  <system-out/>
  <testcase classname="PracticeCucumber.Depends" name="logout" time="2.212"/>
  <system-out/>
</testsuite> <!-- PracticeCucumber.Depends -->
